<?xml version="1.0" encoding="UTF-8"?>
<!-- Generated by org.testng.reporters.JUnitXMLReporter -->
<testsuite hostname="Marina-PC" ignored="2" name="Default test" tests="1" failures="0" timestamp="09 Jun 2021 07:30:36 GMT" time="74.982" errors="0">
  <testcase name="testAddEmployee" time="65.025" classname="tests.StaffPageTests"/>
  <testcase name="addMultipleEmployees" time="0.0" classname="tests.StaffPageTests">
    <ignored/>
  </testcase> <!-- addMultipleEmployees -->
  <testcase name="testChangeEmployeeName" time="0.0" classname="tests.StaffPageTests">
    <ignored/>
  </testcase> <!-- testChangeEmployeeName -->
</testsuite> <!-- Default test -->
