<?xml version="1.0" encoding="UTF-8"?>
<testng-results skipped="0" failed="0" ignored="2" total="3" passed="1">
  <reporter-output>
  </reporter-output>
  <suite name="Default suite" duration-ms="74982" started-at="2021-06-09T07:29:21Z" finished-at="2021-06-09T07:30:36Z">
    <groups>
    </groups>
    <test name="Default test" duration-ms="74982" started-at="2021-06-09T07:29:21Z" finished-at="2021-06-09T07:30:36Z">
      <class name="tests.StaffPageTests">
        <test-method status="PASS" signature="setUp()[pri:0, instance:tests.StaffPageTests@1e88b3c]" name="setUp" is-config="true" duration-ms="5977" started-at="2021-06-09T07:29:21Z" finished-at="2021-06-09T07:29:27Z">
          <reporter-output>
          </reporter-output>
        </test-method> <!-- setUp -->
        <test-method status="PASS" signature="testAddEmployee()[pri:0, instance:tests.StaffPageTests@1e88b3c]" name="testAddEmployee" duration-ms="65025" started-at="2021-06-09T07:29:27Z" finished-at="2021-06-09T07:30:32Z">
          <reporter-output>
          </reporter-output>
        </test-method> <!-- testAddEmployee -->
        <test-method status="PASS" signature="afterTest()[pri:0, instance:tests.StaffPageTests@1e88b3c]" name="afterTest" is-config="true" duration-ms="2065" started-at="2021-06-09T07:30:32Z" finished-at="2021-06-09T07:30:34Z">
          <reporter-output>
          </reporter-output>
        </test-method> <!-- afterTest -->
        <test-method status="PASS" signature="afterTests()[pri:0, instance:tests.StaffPageTests@1e88b3c]" name="afterTests" is-config="true" duration-ms="1859" started-at="2021-06-09T07:30:34Z" finished-at="2021-06-09T07:30:36Z">
          <reporter-output>
          </reporter-output>
        </test-method> <!-- afterTests -->
      </class> <!-- tests.StaffPageTests -->
    </test> <!-- Default test -->
  </suite> <!-- Default suite -->
</testng-results>
